{"/Users/shinichiokada/Flowbite/flowbite-svelte-mcp/src/lib/parser.ts": {"path":"/Users/shinichiokada/Flowbite/flowbite-svelte-mcp/src/lib/parser.ts","statementMap":{"0":{"start":{"line":5,"column":17},"end":{"line":5,"column":null}},"1":{"start":{"line":13,"column":16},"end":{"line":13,"column":null}},"2":{"start":{"line":14,"column":26},"end":{"line":14,"column":null}},"3":{"start":{"line":16,"column":2},"end":{"line":34,"column":null}},"4":{"start":{"line":17,"column":20},"end":{"line":17,"column":null}},"5":{"start":{"line":19,"column":4},"end":{"line":19,"column":null}},"6":{"start":{"line":19,"column":45},"end":{"line":19,"column":null}},"7":{"start":{"line":22,"column":23},"end":{"line":22,"column":null}},"8":{"start":{"line":23,"column":4},"end":{"line":23,"column":null}},"9":{"start":{"line":23,"column":27},"end":{"line":23,"column":null}},"10":{"start":{"line":25,"column":20},"end":{"line":25,"column":null}},"11":{"start":{"line":28,"column":4},"end":{"line":33,"column":null}},"12":{"start":{"line":29,"column":22},"end":{"line":29,"column":null}},"13":{"start":{"line":30,"column":6},"end":{"line":32,"column":null}},"14":{"start":{"line":31,"column":8},"end":{"line":31,"column":null}},"15":{"start":{"line":36,"column":2},"end":{"line":36,"column":null}},"16":{"start":{"line":46,"column":2},"end":{"line":46,"column":null}},"17":{"start":{"line":46,"column":43},"end":{"line":46,"column":null}},"18":{"start":{"line":49,"column":2},"end":{"line":49,"column":null}},"19":{"start":{"line":49,"column":31},"end":{"line":49,"column":null}},"20":{"start":{"line":52,"column":2},"end":{"line":52,"column":null}},"21":{"start":{"line":52,"column":36},"end":{"line":52,"column":null}},"22":{"start":{"line":55,"column":2},"end":{"line":55,"column":null}},"23":{"start":{"line":55,"column":63},"end":{"line":55,"column":null}},"24":{"start":{"line":57,"column":2},"end":{"line":57,"column":null}},"25":{"start":{"line":66,"column":20},"end":{"line":66,"column":null}},"26":{"start":{"line":67,"column":2},"end":{"line":67,"column":null}},"27":{"start":{"line":67,"column":24},"end":{"line":67,"column":null}},"28":{"start":{"line":68,"column":2},"end":{"line":68,"column":null}},"29":{"start":{"line":77,"column":18},"end":{"line":77,"column":null}},"30":{"start":{"line":78,"column":20},"end":{"line":78,"column":null}},"31":{"start":{"line":81,"column":2},"end":{"line":83,"column":null}},"32":{"start":{"line":82,"column":4},"end":{"line":82,"column":null}},"33":{"start":{"line":85,"column":2},"end":{"line":85,"column":null}},"34":{"start":{"line":94,"column":16},"end":{"line":94,"column":null}},"35":{"start":{"line":97,"column":2},"end":{"line":97,"column":null}},"36":{"start":{"line":97,"column":26},"end":{"line":97,"column":null}},"37":{"start":{"line":100,"column":18},"end":{"line":100,"column":null}},"38":{"start":{"line":100,"column":34},"end":{"line":100,"column":56}},"39":{"start":{"line":103,"column":2},"end":{"line":103,"column":null}}},"fnMap":{"0":{"name":"parseLlmsTxt","decl":{"start":{"line":12,"column":16},"end":{"line":12,"column":29}},"loc":{"start":{"line":12,"column":56},"end":{"line":37,"column":null}},"line":12},"1":{"name":"isValidFilePath","decl":{"start":{"line":44,"column":16},"end":{"line":44,"column":32}},"loc":{"start":{"line":44,"column":59},"end":{"line":58,"column":null}},"line":44},"2":{"name":"getDirectory","decl":{"start":{"line":65,"column":16},"end":{"line":65,"column":29}},"loc":{"start":{"line":65,"column":55},"end":{"line":69,"column":null}},"line":65},"3":{"name":"getExtension","decl":{"start":{"line":76,"column":16},"end":{"line":76,"column":29}},"loc":{"start":{"line":76,"column":55},"end":{"line":86,"column":null}},"line":76},"4":{"name":"isValidLlmsTxtFormat","decl":{"start":{"line":93,"column":16},"end":{"line":93,"column":37}},"loc":{"start":{"line":93,"column":63},"end":{"line":104,"column":null}},"line":93},"5":{"name":"(anonymous_5)","decl":{"start":{"line":100,"column":29},"end":{"line":100,"column":34}},"loc":{"start":{"line":100,"column":34},"end":{"line":100,"column":56}},"line":100}},"branchMap":{"0":{"loc":{"start":{"line":19,"column":4},"end":{"line":19,"column":null}},"type":"if","locations":[{"start":{"line":19,"column":4},"end":{"line":19,"column":null}},{"start":{},"end":{}}],"line":19},"1":{"loc":{"start":{"line":19,"column":8},"end":{"line":19,"column":45}},"type":"binary-expr","locations":[{"start":{"line":19,"column":8},"end":{"line":19,"column":20}},{"start":{"line":19,"column":20},"end":{"line":19,"column":45}}],"line":19},"2":{"loc":{"start":{"line":23,"column":4},"end":{"line":23,"column":null}},"type":"if","locations":[{"start":{"line":23,"column":4},"end":{"line":23,"column":null}},{"start":{},"end":{}}],"line":23},"3":{"loc":{"start":{"line":28,"column":4},"end":{"line":33,"column":null}},"type":"if","locations":[{"start":{"line":28,"column":4},"end":{"line":33,"column":null}},{"start":{},"end":{}}],"line":28},"4":{"loc":{"start":{"line":30,"column":6},"end":{"line":32,"column":null}},"type":"if","locations":[{"start":{"line":30,"column":6},"end":{"line":32,"column":null}},{"start":{},"end":{}}],"line":30},"5":{"loc":{"start":{"line":46,"column":2},"end":{"line":46,"column":null}},"type":"if","locations":[{"start":{"line":46,"column":2},"end":{"line":46,"column":null}},{"start":{},"end":{}}],"line":46},"6":{"loc":{"start":{"line":46,"column":6},"end":{"line":46,"column":43}},"type":"binary-expr","locations":[{"start":{"line":46,"column":6},"end":{"line":46,"column":19}},{"start":{"line":46,"column":19},"end":{"line":46,"column":43}}],"line":46},"7":{"loc":{"start":{"line":49,"column":2},"end":{"line":49,"column":null}},"type":"if","locations":[{"start":{"line":49,"column":2},"end":{"line":49,"column":null}},{"start":{},"end":{}}],"line":49},"8":{"loc":{"start":{"line":52,"column":2},"end":{"line":52,"column":null}},"type":"if","locations":[{"start":{"line":52,"column":2},"end":{"line":52,"column":null}},{"start":{},"end":{}}],"line":52},"9":{"loc":{"start":{"line":55,"column":2},"end":{"line":55,"column":null}},"type":"if","locations":[{"start":{"line":55,"column":2},"end":{"line":55,"column":null}},{"start":{},"end":{}}],"line":55},"10":{"loc":{"start":{"line":55,"column":6},"end":{"line":55,"column":63}},"type":"binary-expr","locations":[{"start":{"line":55,"column":6},"end":{"line":55,"column":34}},{"start":{"line":55,"column":34},"end":{"line":55,"column":63}}],"line":55},"11":{"loc":{"start":{"line":67,"column":2},"end":{"line":67,"column":null}},"type":"if","locations":[{"start":{"line":67,"column":2},"end":{"line":67,"column":null}},{"start":{},"end":{}}],"line":67},"12":{"loc":{"start":{"line":81,"column":2},"end":{"line":83,"column":null}},"type":"if","locations":[{"start":{"line":81,"column":2},"end":{"line":83,"column":null}},{"start":{},"end":{}}],"line":81},"13":{"loc":{"start":{"line":81,"column":6},"end":{"line":81,"column":42}},"type":"binary-expr","locations":[{"start":{"line":81,"column":6},"end":{"line":81,"column":29}},{"start":{"line":81,"column":29},"end":{"line":81,"column":42}}],"line":81},"14":{"loc":{"start":{"line":97,"column":2},"end":{"line":97,"column":null}},"type":"if","locations":[{"start":{"line":97,"column":2},"end":{"line":97,"column":null}},{"start":{},"end":{}}],"line":97}},"s":{"0":2,"1":15,"2":15,"3":15,"4":260,"5":260,"6":36,"7":224,"8":224,"9":1,"10":223,"11":223,"12":214,"13":214,"14":214,"15":15,"16":119,"17":2,"18":117,"19":3,"20":114,"21":9,"22":105,"23":1,"24":104,"25":6,"26":6,"27":2,"28":4,"29":11,"30":11,"31":11,"32":7,"33":4,"34":6,"35":6,"36":0,"37":6,"38":12,"39":6},"f":{"0":15,"1":119,"2":6,"3":11,"4":6,"5":12},"b":{"0":[36,224],"1":[260,246],"2":[1,223],"3":[214,9],"4":[214,0],"5":[2,117],"6":[119,118],"7":[3,114],"8":[9,105],"9":[1,104],"10":[105,104],"11":[2,4],"12":[7,4],"13":[11,8],"14":[0,6]},"meta":{"lastBranch":15,"lastFunction":6,"lastStatement":40,"seen":{"s:5:17:5:Infinity":0,"f:12:16:12:29":0,"s:13:16:13:Infinity":1,"s:14:26:14:Infinity":2,"s:16:2:34:Infinity":3,"s:17:20:17:Infinity":4,"b:19:4:19:Infinity:undefined:undefined:undefined:undefined":0,"s:19:4:19:Infinity":5,"b:19:8:19:20:19:20:19:45":1,"s:19:45:19:Infinity":6,"s:22:23:22:Infinity":7,"b:23:4:23:Infinity:undefined:undefined:undefined:undefined":2,"s:23:4:23:Infinity":8,"s:23:27:23:Infinity":9,"s:25:20:25:Infinity":10,"b:28:4:33:Infinity:undefined:undefined:undefined:undefined":3,"s:28:4:33:Infinity":11,"s:29:22:29:Infinity":12,"b:30:6:32:Infinity:undefined:undefined:undefined:undefined":4,"s:30:6:32:Infinity":13,"s:31:8:31:Infinity":14,"s:36:2:36:Infinity":15,"f:44:16:44:32":1,"b:46:2:46:Infinity:undefined:undefined:undefined:undefined":5,"s:46:2:46:Infinity":16,"b:46:6:46:19:46:19:46:43":6,"s:46:43:46:Infinity":17,"b:49:2:49:Infinity:undefined:undefined:undefined:undefined":7,"s:49:2:49:Infinity":18,"s:49:31:49:Infinity":19,"b:52:2:52:Infinity:undefined:undefined:undefined:undefined":8,"s:52:2:52:Infinity":20,"s:52:36:52:Infinity":21,"b:55:2:55:Infinity:undefined:undefined:undefined:undefined":9,"s:55:2:55:Infinity":22,"b:55:6:55:34:55:34:55:63":10,"s:55:63:55:Infinity":23,"s:57:2:57:Infinity":24,"f:65:16:65:29":2,"s:66:20:66:Infinity":25,"b:67:2:67:Infinity:undefined:undefined:undefined:undefined":11,"s:67:2:67:Infinity":26,"s:67:24:67:Infinity":27,"s:68:2:68:Infinity":28,"f:76:16:76:29":3,"s:77:18:77:Infinity":29,"s:78:20:78:Infinity":30,"b:81:2:83:Infinity:undefined:undefined:undefined:undefined":12,"s:81:2:83:Infinity":31,"b:81:6:81:29:81:29:81:42":13,"s:82:4:82:Infinity":32,"s:85:2:85:Infinity":33,"f:93:16:93:37":4,"s:94:16:94:Infinity":34,"b:97:2:97:Infinity:undefined:undefined:undefined:undefined":14,"s:97:2:97:Infinity":35,"s:97:26:97:Infinity":36,"s:100:18:100:Infinity":37,"f:100:29:100:34":5,"s:100:34:100:56":38,"s:103:2:103:Infinity":39}}}
}
